<?xml version="1.0" encoding="UTF-8"?>
<robot generator="Robot 7.1.1 (Python 3.12.3 on linux)" generated="2024-11-12T17:15:10.328405" rpa="false" schemaversion="5">
<suite id="s1" name="Tests" source="/home/abmarc/Documents/webcounter/src/tests">
<suite id="s1-s1" name="Increment" source="/home/abmarc/Documents/webcounter/src/tests/increment.robot">
<kw name="Open And Configure Browser" owner="resource" type="SETUP">
<kw name="Set Selenium Speed" owner="SeleniumLibrary">
<arg>${DELAY}</arg>
<doc>Sets the delay that is waited after each Selenium command.</doc>
<status status="PASS" start="2024-11-12T17:15:10.406485" elapsed="0.000238"/>
</kw>
<kw name="Open Browser" owner="SeleniumLibrary">
<msg time="2024-11-12T17:15:10.406984" level="INFO">Opening browser 'firefox' to base url 'None'.</msg>
<msg time="2024-11-12T17:15:10.778934" level="INFO">Cannot capture screenshot because no browser is open.</msg>
<msg time="2024-11-12T17:15:10.779175" level="FAIL">InvalidArgumentException: Message: binary is not a Firefox executable
</msg>
<arg>browser=${BROWSER}</arg>
<doc>Opens a new browser instance to the optional ``url``.</doc>
<status status="FAIL" start="2024-11-12T17:15:10.406840" elapsed="0.374503">InvalidArgumentException: Message: binary is not a Firefox executable
</status>
</kw>
<status status="FAIL" start="2024-11-12T17:15:10.406052" elapsed="0.375566">InvalidArgumentException: Message: binary is not a Firefox executable
</status>
</kw>
<test id="s1-s1-t1" name="At start the counter is zero" line="7">
<status status="FAIL" start="2024-11-12T17:15:10.781756" elapsed="0.000441">Parent suite setup failed:
InvalidArgumentException: Message: binary is not a Firefox executable
</status>
</test>
<test id="s1-s1-t2" name="When button pressed twice the counter is two" line="12">
<status status="FAIL" start="2024-11-12T17:15:10.782470" elapsed="0.000309">Parent suite setup failed:
InvalidArgumentException: Message: binary is not a Firefox executable
</status>
</test>
<kw name="Close Browser" owner="SeleniumLibrary" type="TEARDOWN">
<doc>Closes the current browser.</doc>
<status status="PASS" start="2024-11-12T17:15:10.783376" elapsed="0.000190"/>
</kw>
<status status="FAIL" start="2024-11-12T17:15:10.342900" elapsed="0.440744">Suite setup failed:
InvalidArgumentException: Message: binary is not a Firefox executable
</status>
</suite>
<status status="FAIL" start="2024-11-12T17:15:10.328983" elapsed="0.455254"/>
</suite>
<statistics>
<total>
<stat pass="0" fail="2" skip="0">All Tests</stat>
</total>
<tag>
</tag>
<suite>
<stat pass="0" fail="2" skip="0" id="s1" name="Tests">Tests</stat>
<stat pass="0" fail="2" skip="0" id="s1-s1" name="Increment">Tests.Increment</stat>
</suite>
</statistics>
<errors>
</errors>
</robot>
